TN:
SF:index.js
FN:12,loadYaml
FN:19,parseWorkflow
FN:44,renderText
FN:84,renderMermaid
FN:98,renderHTML
FN:137,main
FNF:6
FNH:5
FNDA:3,loadYaml
FNDA:4,parseWorkflow
FNDA:3,renderText
FNDA:3,renderMermaid
FNDA:1,renderHTML
FNDA:0,main
DA:1,1
DA:2,1
DA:3,1
DA:4,1
DA:5,1
DA:6,1
DA:7,1
DA:8,1
DA:9,1
DA:10,1
DA:11,1
DA:12,3
DA:13,3
DA:14,3
DA:15,3
DA:16,3
DA:17,3
DA:18,1
DA:19,4
DA:20,4
DA:21,4
DA:22,4
DA:23,4
DA:24,4
DA:25,4
DA:26,10
DA:27,10
DA:28,10
DA:29,10
DA:30,12
DA:31,9
DA:32,0
DA:33,10
DA:34,10
DA:35,4
DA:36,4
DA:37,4
DA:38,4
DA:39,4
DA:40,4
DA:41,4
DA:42,1
DA:43,1
DA:44,3
DA:45,3
DA:46,3
DA:47,3
DA:48,3
DA:49,2
DA:50,0
DA:51,0
DA:52,3
DA:53,3
DA:54,3
DA:55,3
DA:56,6
DA:57,6
DA:58,3
DA:59,6
DA:60,5
DA:61,5
DA:62,6
DA:63,1
DA:64,1
DA:65,3
DA:66,3
DA:67,3
DA:68,3
DA:69,3
DA:70,3
DA:71,3
DA:72,1
DA:73,3
DA:74,3
DA:75,3
DA:76,1
DA:77,1
DA:78,1
DA:79,3
DA:80,3
DA:81,3
DA:82,1
DA:83,1
DA:84,3
DA:85,3
DA:86,3
DA:87,3
DA:88,3
DA:89,3
DA:90,3
DA:91,3
DA:92,3
DA:93,3
DA:94,3
DA:95,3
DA:96,3
DA:97,1
DA:98,1
DA:99,1
DA:100,1
DA:101,1
DA:102,1
DA:103,1
DA:104,1
DA:105,1
DA:106,1
DA:107,1
DA:108,1
DA:109,1
DA:110,1
DA:111,1
DA:112,1
DA:113,1
DA:114,1
DA:115,1
DA:116,1
DA:117,1
DA:118,1
DA:119,1
DA:120,1
DA:121,1
DA:122,1
DA:123,1
DA:124,1
DA:125,1
DA:126,1
DA:127,1
DA:128,1
DA:129,1
DA:130,1
DA:131,1
DA:132,1
DA:133,1
DA:134,1
DA:135,1
DA:136,1
DA:137,0
DA:138,0
DA:139,0
DA:140,0
DA:141,0
DA:142,0
DA:143,0
DA:144,0
DA:145,0
DA:146,0
DA:147,0
DA:148,0
DA:149,0
DA:150,0
DA:151,0
DA:152,0
DA:153,0
DA:154,0
DA:155,0
DA:156,0
DA:157,0
DA:158,0
DA:159,0
DA:160,0
DA:161,0
DA:162,0
DA:163,1
DA:164,1
DA:165,1
DA:166,1
DA:167,1
DA:168,0
DA:169,0
DA:170,1
DA:171,1
DA:172,1
LF:172
LH:141
BRDA:167,0,0,0
BRDA:12,1,0,3
BRDA:15,2,0,0
BRDA:19,3,0,4
BRDA:21,4,0,0
BRDA:22,5,0,0
BRDA:25,6,0,10
BRDA:26,7,0,0
BRDA:27,8,0,0
BRDA:27,9,0,6
BRDA:27,10,0,4
BRDA:28,11,0,0
BRDA:29,12,0,12
BRDA:30,13,0,3
BRDA:31,14,0,9
BRDA:32,15,0,0
BRDA:39,16,0,12
BRDA:44,17,0,3
BRDA:48,18,0,1
BRDA:49,19,0,2
BRDA:50,20,0,0
BRDA:71,21,0,2
BRDA:72,22,0,1
BRDA:75,23,0,1
BRDA:49,24,0,4
BRDA:55,25,0,6
BRDA:57,26,0,3
BRDA:59,27,0,5
BRDA:62,28,0,1
BRDA:61,29,0,6
BRDA:70,30,0,6
BRDA:70,31,0,3
BRDA:71,32,0,3
BRDA:84,33,0,3
BRDA:93,34,0,1
BRDA:86,35,0,7
BRDA:88,36,0,7
BRDA:88,37,0,3
BRDA:91,38,0,7
BRDA:92,39,0,3
BRDA:98,40,0,1
BRF:41
BRH:32
end_of_record
