TN:
SF:index.js
FN:12,loadYaml
FN:19,parseWorkflow
FN:25,(anonymous_2)
FN:29,(anonymous_3)
FN:39,(anonymous_4)
FN:44,renderText
FN:49,(anonymous_6)
FN:55,(anonymous_7)
FN:61,(anonymous_8)
FN:70,(anonymous_9)
FN:70,(anonymous_10)
FN:71,(anonymous_11)
FN:84,renderMermaid
FN:86,(anonymous_13)
FN:88,(anonymous_14)
FN:88,(anonymous_15)
FN:91,(anonymous_16)
FN:92,(anonymous_17)
FN:98,renderHTML
FN:137,main
FNF:20
FNH:17
FNDA:3,loadYaml
FNDA:3,parseWorkflow
FNDA:12,(anonymous_2)
FNDA:60,(anonymous_3)
FNDA:9,(anonymous_4)
FNDA:1,renderText
FNDA:0,(anonymous_6)
FNDA:4,(anonymous_7)
FNDA:20,(anonymous_8)
FNDA:4,(anonymous_9)
FNDA:3,(anonymous_10)
FNDA:3,(anonymous_11)
FNDA:1,renderMermaid
FNDA:4,(anonymous_13)
FNDA:4,(anonymous_14)
FNDA:3,(anonymous_15)
FNDA:4,(anonymous_16)
FNDA:3,(anonymous_17)
FNDA:0,renderHTML
FNDA:0,main
DA:7,1
DA:8,1
DA:9,1
DA:13,3
DA:14,3
DA:15,3
DA:16,3
DA:21,3
DA:22,3
DA:23,3
DA:25,3
DA:26,12
DA:27,12
DA:28,12
DA:29,12
DA:30,60
DA:31,33
DA:32,9
DA:34,12
DA:38,3
DA:39,9
DA:40,3
DA:45,1
DA:47,1
DA:48,1
DA:49,1
DA:50,1
DA:51,0
DA:54,1
DA:55,1
DA:56,4
DA:57,4
DA:58,2
DA:59,4
DA:60,4
DA:61,20
DA:63,0
DA:68,1
DA:69,1
DA:70,4
DA:71,3
DA:72,0
DA:75,1
DA:76,0
DA:77,0
DA:80,1
DA:86,4
DA:87,1
DA:88,4
DA:90,1
DA:91,4
DA:92,3
DA:93,1
DA:95,1
DA:99,0
DA:100,0
DA:102,0
DA:138,0
DA:139,0
DA:140,0
DA:141,0
DA:142,0
DA:143,0
DA:144,0
DA:147,0
DA:148,0
DA:150,0
DA:151,0
DA:152,0
DA:153,0
DA:154,0
DA:155,0
DA:156,0
DA:157,0
DA:159,0
DA:160,0
DA:164,1
DA:167,1
LF:78
LH:51
BRDA:15,0,0,0
BRDA:15,0,1,3
BRDA:15,1,0,3
BRDA:15,1,1,3
BRDA:21,2,0,3
BRDA:21,2,1,0
BRDA:22,3,0,3
BRDA:22,3,1,0
BRDA:26,4,0,12
BRDA:26,4,1,0
BRDA:27,5,0,3
BRDA:27,5,1,9
BRDA:27,6,0,3
BRDA:27,6,1,6
BRDA:28,7,0,12
BRDA:28,7,1,0
BRDA:30,8,0,27
BRDA:30,8,1,33
BRDA:31,9,0,24
BRDA:31,9,1,9
BRDA:48,10,0,0
BRDA:48,10,1,1
BRDA:49,11,0,0
BRDA:49,11,1,1
BRDA:50,12,0,1
BRDA:50,12,1,0
BRDA:50,13,0,1
BRDA:50,13,1,1
BRDA:57,14,0,2
BRDA:57,14,1,2
BRDA:59,15,0,4
BRDA:59,15,1,0
BRDA:71,16,0,1
BRDA:71,16,1,0
BRDA:75,17,0,0
BRDA:75,17,1,1
BRDA:93,18,0,0
BRDA:93,18,1,1
BRDA:140,19,0,0
BRDA:140,19,1,0
BRDA:140,20,0,0
BRDA:140,20,1,0
BRDA:150,21,0,0
BRDA:150,21,1,0
BRDA:152,22,0,0
BRDA:152,22,1,0
BRDA:164,23,0,0
BRDA:164,23,1,1
BRF:48
BRH:27
end_of_record
